[15:47:08] [main/INFO]: Setting user: Player693
[15:47:11] [Client thread/INFO]: LWJGL Version: 2.9.1
[15:47:16] [Client thread/ERROR]: Couldn't initialize twitch stream
[15:47:30] [Client thread/INFO]: Reloading ResourceManager: Default, FMLFileResourcePack:Forge Mod Loader, FMLFileResourcePack:Minecraft Forge, FMLFileResourcePack:Nathan Industries
[15:47:41] [Sound Library Loader/INFO]: Sound engine started
[15:47:53] [Client thread/INFO]: Created: 16x16 textures/blocks-atlas
[15:47:53] [Client thread/INFO]: Created: 16x16 textures/items-atlas
[15:47:54] [Client thread/INFO]: Reloading ResourceManager: Default, FMLFileResourcePack:Forge Mod Loader, FMLFileResourcePack:Minecraft Forge, FMLFileResourcePack:Nathan Industries
[15:47:55] [Client thread/INFO]: Created: 512x256 textures/blocks-atlas
[15:47:55] [Client thread/INFO]: Created: 256x256 textures/items-atlas
[15:47:56] [Sound Library Loader/INFO]: Sound engine started
[15:48:09] [Server thread/INFO]: Starting integrated minecraft server version 1.7.10
[15:48:09] [Server thread/INFO]: Generating keypair
[15:48:09] [Server thread/INFO]: Converting map!
[15:48:09] [Server thread/INFO]: Scanning folders...
[15:48:09] [Server thread/INFO]: Total conversion count is 0
[15:48:10] [Server thread/INFO]: Preparing start region for level 0
[15:48:11] [Server thread/INFO]: Preparing spawn area: 4%
[15:48:12] [Server thread/INFO]: Preparing spawn area: 8%
[15:48:13] [Server thread/INFO]: Preparing spawn area: 14%
[15:48:14] [Server thread/INFO]: Preparing spawn area: 22%
[15:48:15] [Server thread/INFO]: Preparing spawn area: 32%
[15:48:16] [Server thread/INFO]: Preparing spawn area: 43%
[15:48:17] [Server thread/INFO]: Preparing spawn area: 54%
[15:48:18] [Server thread/INFO]: Preparing spawn area: 67%
[15:48:19] [Server thread/INFO]: Preparing spawn area: 80%
[15:48:20] [Server thread/INFO]: Preparing spawn area: 93%
[15:48:21] [Server thread/INFO]: Changing view distance to 12, from 10
[15:48:22] [Server thread/INFO]: Player693[local:E:4f61b7e6] logged in with entity id 222 at (187.5, 64.0, 252.5)
[15:48:22] [Server thread/INFO]: Player693 joined the game
[15:48:27] [Server thread/INFO]: Player693 has just earned the achievement [Taking Inventory]
[15:48:27] [Client thread/INFO]: [CHAT] Player693 has just earned the achievement [Taking Inventory]
[15:48:28] [Server thread/WARN]: Can't keep up! Did the system time change, or is the server overloaded? Running 6573ms behind, skipping 131 tick(s)
[15:48:34] [Client thread/INFO]: Warning: Clientside chunk ticking took 247 ms
[15:48:35] [Client thread/INFO]: Warning: Clientside chunk ticking took 116 ms
[15:48:35] [Server thread/INFO]: Saving and pausing game...
[15:48:35] [Server thread/INFO]: Saving chunks for level 'New World'/Overworld
[15:48:42] [Server thread/INFO]: Saving chunks for level 'New World'/Nether
[15:48:42] [Server thread/INFO]: Saving chunks for level 'New World'/The End
[15:48:52] [Server thread/INFO]: Saving and pausing game...
[15:48:53] [Server thread/INFO]: Saving chunks for level 'New World'/Overworld
[15:48:56] [Server thread/INFO]: Saving chunks for level 'New World'/Nether
[15:48:56] [Server thread/INFO]: Saving chunks for level 'New World'/The End
[15:48:56] [Server thread/INFO]: Stopping server
[15:48:56] [Server thread/INFO]: Saving players
[15:48:56] [Server thread/INFO]: Saving worlds
[15:48:56] [Server thread/INFO]: Saving chunks for level 'New World'/Overworld
[15:48:56] [Server thread/INFO]: Saving chunks for level 'New World'/Nether
[15:48:56] [Server thread/INFO]: Saving chunks for level 'New World'/The End
[15:49:00] [Client thread/INFO]: Stopping!
