#
# A fatal error has been detected by the Java Runtime Environment:
#
#  EXCEPTION_ACCESS_VIOLATION (0xc0000005) at pc=0x000000001a2d1066, pid=5804, tid=6864
#
# JRE version: Java(TM) SE Runtime Environment (8.0_45-b15) (build 1.8.0_45-b15)
# Java VM: Java HotSpot(TM) 64-Bit Server VM (25.45-b02 mixed mode windows-amd64 compressed oops)
# Problematic frame:
# C  [OpenAL64.dll+0x11066]
#
# Failed to write core dump. Minidumps are not enabled by default on client versions of Windows
#
# If you would like to submit a bug report, please visit:
#   http://bugreport.java.com/bugreport/crash.jsp
# The crash happened outside the Java Virtual Machine in native code.
# See problematic frame for where to report the bug.
#

---------------  T H R E A D  ---------------

Current thread (0x000000001a4ef800):  JavaThread "Thread-8" [_thread_in_native, id=6864, stack(0x000000001db60000,0x000000001dc60000)]

siginfo: ExceptionCode=0xc0000005, reading address 0x00000000366b8004

Registers:
RAX=0x0000000000000004, RBX=0x0000000025210090, RCX=0x00000000366b8008, RDX=0x00000000366b8004
RSP=0x000000001dc5e9b0, RBP=0x00000000000000ff, RSI=0x00000000366b0aac, RDI=0x0000000000000000
R8 =0x0000000000001d56, R9 =0x00000000366b0aac, R10=0x00000000022b5e08, R11=0x0000000061397ca0
R12=0x0000000000000001, R13=0x000000001a0cc1a8, R14=0x000000001dc5eb48, R15=0x000000001a4ef800
RIP=0x000000001a2d1066, EFLAGS=0x0000000000010202

Top of Stack: (sp=0x000000001dc5e9b0)
0x000000001dc5e9b0:   0000000000000000 000000006123b50b
0x000000001dc5e9c0:   000000001a4ef800 000000001a4ef800
0x000000001dc5e9d0:   000000001a0cc1a8 0000000000000000
0x000000001dc5e9e0:   000000001a4ef800 00000000366ade80
0x000000001dc5e9f0:   000000001a0cc1a8 000000001dc5eb48
0x000000001dc5ea00:   000000002b6a4f10 0000000061229816
0x000000001dc5ea10:   000000001dc5f1b8 0000000015fa6c40
0x000000001dc5ea20:   000000001a4ef800 000000001dc5eb48
0x000000001dc5ea30:   000000001a0cc1a8 0000000000000000
0x000000001dc5ea40:   00000000366b0aac 00000000d4cd0c88
0x000000001dc5ea50:   000000001dc5eb10 000000001a2d248f
0x000000001dc5ea60:   0000000025210090 0000000025210090
0x000000001dc5ea70:   000000000000ac44 0000000000000004
0x000000001dc5ea80:   0000000000000010 00000000022b5e34
0x000000001dc5ea90:   000000001a0cc1a8 00000000022b5b9d
0x000000001dc5eaa0:   000000001a4ef800 000000001a0cc1a8 

Instructions: (pc=0x000000001a2d1066)
0x000000001a2d1046:   41 2b ec 81 3a 03 00 02 00 75 09 8b 01 89 84 24
0x000000001a2d1056:   c8 00 00 00 49 83 c0 02 48 83 c1 08 4a 8d 14 86
0x000000001a2d1066:   39 3a 75 af 4c 8d 84 24 c0 00 00 00 48 8d 15 d7
0x000000001a2d1076:   2b 03 00 33 c9 e8 58 5f 00 00 b8 40 1f 00 00 4c 


Register to memory mapping:

RAX=0x0000000000000004 is an unknown value
RBX=0x0000000025210090 is an unknown value
RCX=0x00000000366b8008 is an unknown value
RDX=0x00000000366b8004 is an unknown value
RSP=0x000000001dc5e9b0 is pointing into the stack for thread: 0x000000001a4ef800
RBP=0x00000000000000ff is an unknown value
RSI=0x00000000366b0aac is an unknown value
RDI=0x0000000000000000 is an unknown value
R8 =0x0000000000001d56 is an unknown value
R9 =0x00000000366b0aac is an unknown value
R10=0x00000000022b5e08 is at code_begin+840 in an Interpreter codelet
method entry point (kind = native)  [0x00000000022b5ac0, 0x00000000022b6420]  2400 bytes
R11=0x0000000061397ca0 is an unknown value
R12=0x0000000000000001 is an unknown value
R13={method} {0x000000001a0cc1b0} 'nalcCreateContext' '(JJ)J' in 'org/lwjgl/openal/ALC10'
R14=0x000000001dc5eb48 is pointing into the stack for thread: 0x000000001a4ef800
R15=0x000000001a4ef800 is a thread


Stack: [0x000000001db60000,0x000000001dc60000],  sp=0x000000001dc5e9b0,  free space=1018k
Native frames: (J=compiled Java code, j=interpreted, Vv=VM code, C=native code)
C  [OpenAL64.dll+0x11066]
C  [OpenAL64.dll+0x1248f]
C  0x00000000022b5e34

Java frames: (J=compiled Java code, j=interpreted, Vv=VM code)
j  org.lwjgl.openal.ALC10.nalcCreateContext(JJ)J+0
j  org.lwjgl.openal.ALC10.alcCreateContext(Lorg/lwjgl/openal/ALCdevice;Ljava/nio/IntBuffer;)Lorg/lwjgl/openal/ALCcontext;+8
j  org.lwjgl.openal.AL.init(Ljava/lang/String;IIZZ)V+69
j  org.lwjgl.openal.AL.create(Ljava/lang/String;IIZZ)V+227
j  org.lwjgl.openal.AL.create(Ljava/lang/String;IIZ)V+5
j  org.lwjgl.openal.AL.create()V+6
j  paulscode.sound.libraries.LibraryLWJGLOpenAL.init()V+2
j  paulscode.sound.SoundSystem.CommandNewLibrary(Ljava/lang/Class;)V+273
j  paulscode.sound.SoundSystem.CommandQueue(Lpaulscode/sound/CommandObject;)Z+1206
j  paulscode.sound.CommandThread.run()V+51
v  ~StubRoutines::call_stub

---------------  P R O C E S S  ---------------

Java Threads: ( => current thread )
  0x00000000193c6000 JavaThread "Thread-9" [_thread_blocked, id=9024, stack(0x0000000022d50000,0x0000000022e50000)]
=>0x000000001a4ef800 JavaThread "Thread-8" [_thread_in_native, id=6864, stack(0x000000001db60000,0x000000001dc60000)]
  0x000000001badf000 JavaThread "Keep-Alive-Timer" daemon [_thread_blocked, id=4604, stack(0x0000000022980000,0x0000000022a80000)]
  0x0000000032b85800 JavaThread "Sound Library Loader" [_thread_blocked, id=7840, stack(0x000000001dc60000,0x000000001dd60000)]
  0x00000000176bc800 JavaThread "LWJGL Timer" daemon [_thread_blocked, id=4208, stack(0x00000000205a0000,0x00000000206a0000)]
  0x000000001d40f000 JavaThread "Thread-6" [_thread_blocked, id=8108, stack(0x00000000204a0000,0x00000000205a0000)]
  0x000000001cd84000 JavaThread "Java2D Disposer" daemon [_thread_blocked, id=3320, stack(0x000000001b4f0000,0x000000001b5f0000)]
  0x0000000018242000 JavaThread "Timer hack thread" daemon [_thread_blocked, id=876, stack(0x000000001a1c0000,0x000000001a2c0000)]
  0x000000001bfeb800 JavaThread "Snooper Timer" daemon [_thread_blocked, id=8392, stack(0x0000000019a60000,0x0000000019b60000)]
  0x0000000015fd9800 JavaThread "Service Thread" daemon [_thread_blocked, id=3760, stack(0x0000000016920000,0x0000000016a20000)]
  0x0000000015f5e000 JavaThread "C1 CompilerThread2" daemon [_thread_blocked, id=8676, stack(0x0000000016820000,0x0000000016920000)]
  0x0000000015f5c800 JavaThread "C2 CompilerThread1" daemon [_thread_blocked, id=9144, stack(0x0000000016720000,0x0000000016820000)]
  0x0000000015f58000 JavaThread "C2 CompilerThread0" daemon [_thread_blocked, id=6712, stack(0x0000000016620000,0x0000000016720000)]
  0x0000000015f56800 JavaThread "Attach Listener" daemon [_thread_blocked, id=2016, stack(0x0000000016520000,0x0000000016620000)]
  0x0000000015f54000 JavaThread "Signal Dispatcher" daemon [_thread_blocked, id=8848, stack(0x0000000016420000,0x0000000016520000)]
  0x0000000015f53000 JavaThread "Surrogate Locker Thread (Concurrent GC)" daemon [_thread_blocked, id=8928, stack(0x0000000016320000,0x0000000016420000)]
  0x0000000015413000 JavaThread "Finalizer" daemon [_thread_blocked, id=7488, stack(0x0000000015e20000,0x0000000015f20000)]
  0x000000001540c000 JavaThread "Reference Handler" daemon [_thread_blocked, id=6336, stack(0x0000000015d20000,0x0000000015e20000)]
  0x00000000021a5800 JavaThread "Client thread" [_thread_in_native, id=8244, stack(0x00000000020a0000,0x00000000021a0000)]

Other Threads:
  0x0000000015405000 VMThread [stack: 0x0000000015c20000,0x0000000015d20000] [id=3256]
  0x0000000015fe7000 WatcherThread [stack: 0x0000000016a20000,0x0000000016b20000] [id=8044]

VM state:not at safepoint (normal execution)

VM Mutex/Monitor currently owned by a thread: None

Heap:
 par new generation   total 306688K, used 112245K [0x00000000c0000000, 0x00000000d4cc0000, 0x00000000d4cc0000)
  eden space 272640K,  28% used [0x00000000c0000000, 0x00000000c4c5d5a8, 0x00000000d0a40000)
  from space 34048K, 100% used [0x00000000d2b80000, 0x00000000d4cc0000, 0x00000000d4cc0000)
  to   space 34048K,   0% used [0x00000000d0a40000, 0x00000000d0a40000, 0x00000000d2b80000)
 concurrent mark-sweep generation total 707840K, used 134099K [0x00000000d4cc0000, 0x0000000100000000, 0x0000000100000000)
 Metaspace       used 27116K, capacity 27297K, committed 27648K, reserved 1073152K
  class space    used 3388K, capacity 3469K, committed 3584K, reserved 1048576K

Card table byte_map: [0x0000000011a60000,0x0000000011c70000] byte_map_base: 0x0000000011460000

Marking Bits: (CMSBitMap*) 0x0000000002201ae8
 Bits: [0x0000000012210000, 0x0000000012cdd000)

Mod Union Table: (CMSBitMap*) 0x0000000002201ba8
 Bits: [0x0000000002050000, 0x000000000207b340)

Polling page: 0x0000000002010000

CodeCache: size=245760Kb used=12097Kb max_used=12106Kb free=233662Kb
 bounds [0x00000000022a0000, 0x0000000002e90000, 0x00000000112a0000]
 total_blobs=3726 nmethods=3098 adapters=540
 compilation: enabled

Compilation events (10 events):
Event: 28.983 Thread 0x0000000015f5e000 3805       2       java.util.Formatter::<init> (18 bytes)
Event: 28.984 Thread 0x0000000015f5e000 nmethod 3805 0x00000000025bc1d0 code [0x00000000025bc360, 0x00000000025bc688]
Event: 28.985 Thread 0x0000000015f5e000 3806       2       java.util.Formatter::<init> (23 bytes)
Event: 28.985 Thread 0x0000000015f5e000 nmethod 3806 0x000000000296f590 code [0x000000000296f700, 0x000000000296f918]
Event: 28.987 Thread 0x0000000015f5e000 3807       2       java.util.Formatter::format (11 bytes)
Event: 28.987 Thread 0x0000000015f5e000 nmethod 3807 0x00000000027d1ed0 code [0x00000000027d2040, 0x00000000027d21c8]
Event: 28.988 Thread 0x0000000015f5e000 3808       2       java.util.Formatter::toString (12 bytes)
Event: 28.988 Thread 0x0000000015f5e000 nmethod 3808 0x000000000297d750 code [0x000000000297d8c0, 0x000000000297dab8]
Event: 28.989 Thread 0x0000000015f5e000 3809       2       java.lang.String::format (16 bytes)
Event: 28.990 Thread 0x0000000015f5e000 nmethod 3809 0x00000000024a7d50 code [0x00000000024a7f00, 0x00000000024a8358]

GC Heap History (10 events):
Event: 7.789 GC heap before
{Heap before GC invocations=1 (full 2):
 par new generation   total 306688K, used 272640K [0x00000000c0000000, 0x00000000d4cc0000, 0x00000000d4cc0000)
  eden space 272640K, 100% used [0x00000000c0000000, 0x00000000d0a40000, 0x00000000d0a40000)
  from space 34048K,   0% used [0x00000000d0a40000, 0x00000000d0a40000, 0x00000000d2b80000)
  to   space 34048K,   0% used [0x00000000d2b80000, 0x00000000d2b80000, 0x00000000d4cc0000)
 concurrent mark-sweep generation total 707840K, used 5313K [0x00000000d4cc0000, 0x0000000100000000, 0x0000000100000000)
 Metaspace       used 16809K, capacity 16948K, committed 17280K, reserved 1064960K
  class space    used 2031K, capacity 2078K, committed 2176K, reserved 1048576K
Event: 7.823 GC heap after
Heap after GC invocations=2 (full 2):
 par new generation   total 306688K, used 23272K [0x00000000c0000000, 0x00000000d4cc0000, 0x00000000d4cc0000)
  eden space 272640K,   0% used [0x00000000c0000000, 0x00000000c0000000, 0x00000000d0a40000)
  from space 34048K,  68% used [0x00000000d2b80000, 0x00000000d423a248, 0x00000000d4cc0000)
  to   space 34048K,   0% used [0x00000000d0a40000, 0x00000000d0a40000, 0x00000000d2b80000)
 concurrent mark-sweep generation total 707840K, used 5313K [0x00000000d4cc0000, 0x0000000100000000, 0x0000000100000000)
 Metaspace       used 16809K, capacity 16948K, committed 17280K, reserved 1064960K
  class space    used 2031K, capacity 2078K, committed 2176K, reserved 1048576K
}
Event: 12.356 GC heap before
{Heap before GC invocations=2 (full 2):
 par new generation   total 306688K, used 295912K [0x00000000c0000000, 0x00000000d4cc0000, 0x00000000d4cc0000)
  eden space 272640K, 100% used [0x00000000c0000000, 0x00000000d0a40000, 0x00000000d0a40000)
  from space 34048K,  68% used [0x00000000d2b80000, 0x00000000d423a248, 0x00000000d4cc0000)
  to   space 34048K,   0% used [0x00000000d0a40000, 0x00000000d0a40000, 0x00000000d2b80000)
 concurrent mark-sweep generation total 707840K, used 2476K [0x00000000d4cc0000, 0x0000000100000000, 0x0000000100000000)
 Metaspace       used 23873K, capacity 24067K, committed 24448K, reserved 1071104K
  class space    used 2997K, capacity 3078K, committed 3200K, reserved 1048576K
Event: 12.440 GC heap after
Heap after GC invocations=3 (full 2):
 par new generation   total 306688K, used 15730K [0x00000000c0000000, 0x00000000d4cc0000, 0x00000000d4cc0000)
  eden space 272640K,   0% used [0x00000000c0000000, 0x00000000c0000000, 0x00000000d0a40000)
  from space 34048K,  46% used [0x00000000d0a40000, 0x00000000d199cb60, 0x00000000d2b80000)
  to   space 34048K,   0% used [0x00000000d2b80000, 0x00000000d2b80000, 0x00000000d4cc0000)
 concurrent mark-sweep generation total 707840K, used 22296K [0x00000000d4cc0000, 0x0000000100000000, 0x0000000100000000)
 Metaspace       used 23873K, capacity 24067K, committed 24448K, reserved 1071104K
  class space    used 2997K, capacity 3078K, committed 3200K, reserved 1048576K
}
Event: 18.643 GC heap before
{Heap before GC invocations=3 (full 3):
 par new generation   total 306688K, used 288370K [0x00000000c0000000, 0x00000000d4cc0000, 0x00000000d4cc0000)
  eden space 272640K, 100% used [0x00000000c0000000, 0x00000000d0a40000, 0x00000000d0a40000)
  from space 34048K,  46% used [0x00000000d0a40000, 0x00000000d199cb60, 0x00000000d2b80000)
  to   space 34048K,   0% used [0x00000000d2b80000, 0x00000000d2b80000, 0x00000000d4cc0000)
 concurrent mark-sweep generation total 707840K, used 22296K [0x00000000d4cc0000, 0x0000000100000000, 0x0000000100000000)
 Metaspace       used 24383K, capacity 24611K, committed 24960K, reserved 1071104K
  class space    used 3040K, capacity 3110K, committed 3200K, reserved 1048576K
Event: 18.701 GC heap after
Heap after GC invocations=4 (full 3):
 par new generation   total 306688K, used 34048K [0x00000000c0000000, 0x00000000d4cc0000, 0x00000000d4cc0000)
  eden space 272640K,   0% used [0x00000000c0000000, 0x00000000c0000000, 0x00000000d0a40000)
  from space 34048K, 100% used [0x00000000d2b80000, 0x00000000d4cc0000, 0x00000000d4cc0000)
  to   space 34048K,   0% used [0x00000000d0a40000, 0x00000000d0a40000, 0x00000000d2b80000)
 concurrent mark-sweep generation total 707840K, used 44764K [0x00000000d4cc0000, 0x0000000100000000, 0x0000000100000000)
 Metaspace       used 24383K, capacity 24611K, committed 24960K, reserved 1071104K
  class space    used 3040K, capacity 3110K, committed 3200K, reserved 1048576K
}
Event: 22.083 GC heap before
{Heap before GC invocations=4 (full 3):
 par new generation   total 306688K, used 306688K [0x00000000c0000000, 0x00000000d4cc0000, 0x00000000d4cc0000)
  eden space 272640K, 100% used [0x00000000c0000000, 0x00000000d0a40000, 0x00000000d0a40000)
  from space 34048K, 100% used [0x00000000d2b80000, 0x00000000d4cc0000, 0x00000000d4cc0000)
  to   space 34048K,   0% used [0x00000000d0a40000, 0x00000000d0a40000, 0x00000000d2b80000)
 concurrent mark-sweep generation total 707840K, used 44764K [0x00000000d4cc0000, 0x0000000100000000, 0x0000000100000000)
 Metaspace       used 24404K, capacity 24611K, committed 24960K, reserved 1071104K
  class space    used 3041K, capacity 3110K, committed 3200K, reserved 1048576K
Event: 22.186 GC heap after
Heap after GC invocations=5 (full 3):
 par new generation   total 306688K, used 34048K [0x00000000c0000000, 0x00000000d4cc0000, 0x00000000d4cc0000)
  eden space 272640K,   0% used [0x00000000c0000000, 0x00000000c0000000, 0x00000000d0a40000)
  from space 34048K, 100% used [0x00000000d0a40000, 0x00000000d2b80000, 0x00000000d2b80000)
  to   space 34048K,   0% used [0x00000000d2b80000, 0x00000000d2b80000, 0x00000000d4cc0000)
 concurrent mark-sweep generation total 707840K, used 112153K [0x00000000d4cc0000, 0x0000000100000000, 0x0000000100000000)
 Metaspace       used 24404K, capacity 24611K, committed 24960K, reserved 1071104K
  class space    used 3041K, capacity 3110K, committed 3200K, reserved 1048576K
}
Event: 27.534 GC heap before
{Heap before GC invocations=5 (full 3):
 par new generation   total 306688K, used 306688K [0x00000000c0000000, 0x00000000d4cc0000, 0x00000000d4cc0000)
  eden space 272640K, 100% used [0x00000000c0000000, 0x00000000d0a40000, 0x00000000d0a40000)
  from space 34048K, 100% used [0x00000000d0a40000, 0x00000000d2b80000, 0x00000000d2b80000)
  to   space 34048K,   0% used [0x00000000d2b80000, 0x00000000d2b80000, 0x00000000d4cc0000)
 concurrent mark-sweep generation total 707840K, used 112042K [0x00000000d4cc0000, 0x0000000100000000, 0x0000000100000000)
 Metaspace       used 25463K, capacity 25699K, committed 26112K, reserved 1073152K
  class space    used 3199K, capacity 3302K, committed 3328K, reserved 1048576K
Event: 27.612 GC heap after
Heap after GC invocations=6 (full 3):
 par new generation   total 306688K, used 34048K [0x00000000c0000000, 0x00000000d4cc0000, 0x00000000d4cc0000)
  eden space 272640K,   0% used [0x00000000c0000000, 0x00000000c0000000, 0x00000000d0a40000)
  from space 34048K, 100% used [0x00000000d2b80000, 0x00000000d4cc0000, 0x00000000d4cc0000)
  to   space 34048K,   0% used [0x00000000d0a40000, 0x00000000d0a40000, 0x00000000d2b80000)
 concurrent mark-sweep generation total 707840K, used 134099K [0x00000000d4cc0000, 0x0000000100000000, 0x0000000100000000)
 Metaspace       used 25463K, capacity 25699K, committed 26112K, reserved 1073152K
  class space    used 3199K, capacity 3302K, committed 3328K, reserved 1048576K
}

Deoptimization events (10 events):
Event: 27.217 Thread 0x00000000021a5800 Uncommon trap: reason=predicate action=maybe_recompile pc=0x0000000002790328 method=com.google.common.collect.Iterators.addAll(Ljava/util/Collection;Ljava/util/Iterator;)Z @ 21
Event: 27.345 Thread 0x00000000021a5800 Uncommon trap: reason=unstable_if action=reinterpret pc=0x0000000002b18d28 method=org.objectweb.asm.ByteVector.putUTF8(Ljava/lang/String;)Lorg/objectweb/asm/ByteVector; @ 91
Event: 27.347 Thread 0x00000000021a5800 Uncommon trap: reason=unstable_if action=reinterpret pc=0x000000000243ebe0 method=org.objectweb.asm.ByteVector.putUTF8(Ljava/lang/String;)Lorg/objectweb/asm/ByteVector; @ 91
Event: 27.348 Thread 0x00000000021a5800 Uncommon trap: reason=unstable_if action=reinterpret pc=0x000000000272e520 method=org.objectweb.asm.ByteVector.putUTF8(Ljava/lang/String;)Lorg/objectweb/asm/ByteVector; @ 91
Event: 28.084 Thread 0x00000000021a5800 Uncommon trap: reason=unstable_if action=reinterpret pc=0x000000000276e3dc method=java.util.HashMap.putMapEntries(Ljava/util/Map;Z)V @ 15
Event: 28.343 Thread 0x00000000021a5800 Uncommon trap: reason=unstable_if action=reinterpret pc=0x0000000002c9833c method=org.objectweb.asm.MethodWriter.visitFieldInsn(ILjava/lang/String;Ljava/lang/String;Ljava/lang/String;)V @ 28
Event: 28.343 Thread 0x00000000021a5800 Uncommon trap: reason=unstable_if action=reinterpret pc=0x0000000002a26a54 method=org.objectweb.asm.MethodWriter.visitInsn(I)V @ 24
Event: 28.343 Thread 0x00000000021a5800 Uncommon trap: reason=unstable_if action=reinterpret pc=0x0000000002a244c0 method=org.objectweb.asm.MethodWriter.visitMaxs(II)V @ 627
Event: 28.460 Thread 0x00000000356f0800 Uncommon trap: reason=bimorphic action=maybe_recompile pc=0x00000000026ef7ec method=java.net.URL.<init>(Ljava/net/URL;Ljava/lang/String;Ljava/net/URLStreamHandler;)V @ 504
Event: 28.532 Thread 0x00000000356f0800 Uncommon trap: reason=unstable_if action=reinterpret pc=0x0000000002bfea74 method=java.lang.ThreadLocal.get()Ljava/lang/Object; @ 11

Internal exceptions (10 events):
Event: 28.978 Thread 0x000000001a4ef800 Exception <a 'org/lwjgl/LWJGLException'> (0x00000000c46aaea0) thrown at [C:\re\workspace\8-2-build-windows-amd64-cygwin\jdk8u45\3627\hotspot\src\share\vm\prims\jni.cpp, line 709]
Event: 28.978 Thread 0x000000001a4ef800 Exception <a 'org/lwjgl/LWJGLException'> (0x00000000c46ab438) thrown at [C:\re\workspace\8-2-build-windows-amd64-cygwin\jdk8u45\3627\hotspot\src\share\vm\prims\jni.cpp, line 709]
Event: 28.978 Thread 0x000000001a4ef800 Exception <a 'org/lwjgl/LWJGLException'> (0x00000000c46ab9a0) thrown at [C:\re\workspace\8-2-build-windows-amd64-cygwin\jdk8u45\3627\hotspot\src\share\vm\prims\jni.cpp, line 709]
Event: 28.978 Thread 0x000000001a4ef800 Exception <a 'org/lwjgl/LWJGLException'> (0x00000000c46abf30) thrown at [C:\re\workspace\8-2-build-windows-amd64-cygwin\jdk8u45\3627\hotspot\src\share\vm\prims\jni.cpp, line 709]
Event: 28.978 Thread 0x000000001a4ef800 Exception <a 'org/lwjgl/LWJGLException'> (0x00000000c46ac400) thrown at [C:\re\workspace\8-2-build-windows-amd64-cygwin\jdk8u45\3627\hotspot\src\share\vm\prims\jni.cpp, line 709]
Event: 28.978 Thread 0x000000001a4ef800 Exception <a 'org/lwjgl/LWJGLException'> (0x00000000c46ac948) thrown at [C:\re\workspace\8-2-build-windows-amd64-cygwin\jdk8u45\3627\hotspot\src\share\vm\prims\jni.cpp, line 709]
Event: 28.978 Thread 0x000000001a4ef800 Exception <a 'org/lwjgl/LWJGLException'> (0x00000000c46ace70) thrown at [C:\re\workspace\8-2-build-windows-amd64-cygwin\jdk8u45\3627\hotspot\src\share\vm\prims\jni.cpp, line 709]
Event: 28.978 Thread 0x000000001a4ef800 Exception <a 'org/lwjgl/LWJGLException'> (0x00000000c46ad2f0) thrown at [C:\re\workspace\8-2-build-windows-amd64-cygwin\jdk8u45\3627\hotspot\src\share\vm\prims\jni.cpp, line 709]
Event: 28.979 Thread 0x000000001a4ef800 Exception <a 'org/lwjgl/LWJGLException'> (0x00000000c46ad7b0) thrown at [C:\re\workspace\8-2-build-windows-amd64-cygwin\jdk8u45\3627\hotspot\src\share\vm\prims\jni.cpp, line 709]
Event: 28.979 Thread 0x000000001a4ef800 Exception <a 'org/lwjgl/LWJGLException'> (0x00000000c46adc68) thrown at [C:\re\workspace\8-2-build-windows-amd64-cygwin\jdk8u45\3627\hotspot\src\share\vm\prims\jni.cpp, line 709]

Events (10 events):
Event: 28.989 Thread 0x0000000015f5e000 flushing nmethod 0x0000000002ac7e90
Event: 28.989 Thread 0x0000000015f5e000 flushing nmethod 0x0000000002b09e90
Event: 28.999 loading class org/lwjgl/openal/ALCdevice
Event: 28.999 loading class org/lwjgl/openal/ALCdevice done
Event: 29.000 loading class org/lwjgl/openal/ALCcontext
Event: 29.000 loading class org/lwjgl/openal/ALCcontext done
Event: 29.001 loading class org/lwjgl/openal/Util
Event: 29.001 loading class org/lwjgl/openal/Util done
Event: 29.002 loading class org/lwjgl/openal/OpenALException
Event: 29.002 loading class org/lwjgl/openal/OpenALException done


Dynamic libraries:
0x00007ff752750000 - 0x00007ff752787000 	C:\Program Files\Java\jre1.8.0_45\bin\javaw.exe
0x00007ffab96d0000 - 0x00007ffab987d000 	C:\Windows\SYSTEM32\ntdll.dll
0x00007ffab6fc0000 - 0x00007ffab70fe000 	C:\Windows\system32\KERNEL32.DLL
0x00007ffab6c30000 - 0x00007ffab6d45000 	C:\Windows\system32\KERNELBASE.dll
0x00007ffab53c0000 - 0x00007ffab544e000 	C:\Windows\system32\apphelp.dll
0x00007ffaa5160000 - 0x00007ffaa51b3000 	C:\Windows\AppPatch\AppPatch64\AcGenral.DLL
0x00007ffab6f10000 - 0x00007ffab6fba000 	C:\Windows\system32\msvcrt.dll
0x00007ffab65f0000 - 0x00007ffab661e000 	C:\Windows\SYSTEM32\SspiCli.dll
0x00007ffab9550000 - 0x00007ffab95a4000 	C:\Windows\system32\SHLWAPI.dll
0x00007ffab72b0000 - 0x00007ffab7427000 	C:\Windows\system32\USER32.dll
0x00007ffab6d70000 - 0x00007ffab6f04000 	C:\Windows\system32\ole32.dll
0x00007ffab7a30000 - 0x00007ffab8f5a000 	C:\Windows\system32\SHELL32.dll
0x00007ffab5dc0000 - 0x00007ffab5de1000 	C:\Windows\SYSTEM32\USERENV.dll
0x00007ffab7430000 - 0x00007ffab74da000 	C:\Windows\system32\ADVAPI32.dll
0x00007ffaabe50000 - 0x00007ffaabe6e000 	C:\Windows\SYSTEM32\MPR.dll
0x00007ffab7540000 - 0x00007ffab7681000 	C:\Windows\system32\RPCRT4.dll
0x00007ffab7250000 - 0x00007ffab72a9000 	C:\Windows\SYSTEM32\sechost.dll
0x00007ffab9330000 - 0x00007ffab9541000 	C:\Windows\SYSTEM32\combase.dll
0x00007ffab9030000 - 0x00007ffab9180000 	C:\Windows\system32\GDI32.dll
0x00007ffab6820000 - 0x00007ffab6835000 	C:\Windows\SYSTEM32\profapi.dll
0x00007ffab4ea0000 - 0x00007ffab4f52000 	C:\Windows\SYSTEM32\SHCORE.dll
0x00007ffab7880000 - 0x00007ffab78b6000 	C:\Windows\system32\IMM32.DLL
0x00007ffab78d0000 - 0x00007ffab7a22000 	C:\Windows\system32\MSCTF.dll
0x00007ffab4250000 - 0x00007ffab44cb000 	C:\Windows\WinSxS\amd64_microsoft.windows.common-controls_6595b64144ccf1df_6.0.9600.18006_none_623f33d3ecbe86e8\COMCTL32.dll
0x0000000064870000 - 0x0000000064942000 	C:\Program Files\Java\jre1.8.0_45\bin\msvcr100.dll
0x0000000061170000 - 0x00000000619f3000 	C:\Program Files\Java\jre1.8.0_45\bin\server\jvm.dll
0x00007ffaad9e0000 - 0x00007ffaad9e9000 	C:\Windows\SYSTEM32\WSOCK32.dll
0x00007ffab00a0000 - 0x00007ffab00c2000 	C:\Windows\SYSTEM32\WINMM.dll
0x00007ffaae060000 - 0x00007ffaae06a000 	C:\Windows\SYSTEM32\VERSION.dll
0x00007ffab78c0000 - 0x00007ffab78c7000 	C:\Windows\system32\PSAPI.DLL
0x00007ffab95b0000 - 0x00007ffab960a000 	C:\Windows\system32\WS2_32.dll
0x00007ffab0070000 - 0x00007ffab009a000 	C:\Windows\SYSTEM32\WINMMBASE.dll
0x00007ffab6d50000 - 0x00007ffab6d59000 	C:\Windows\system32\NSI.dll
0x00007ffab6be0000 - 0x00007ffab6c2f000 	C:\Windows\SYSTEM32\cfgmgr32.dll
0x00007ffab5610000 - 0x00007ffab5638000 	C:\Windows\SYSTEM32\DEVOBJ.dll
0x0000000064a20000 - 0x0000000064a2f000 	C:\Program Files\Java\jre1.8.0_45\bin\verify.dll
0x00000000649f0000 - 0x0000000064a19000 	C:\Program Files\Java\jre1.8.0_45\bin\java.dll
0x00000000649d0000 - 0x00000000649e6000 	C:\Program Files\Java\jre1.8.0_45\bin\zip.dll
0x0000000064950000 - 0x000000006495d000 	C:\Program Files\Java\jre1.8.0_45\bin\management.dll
0x00000000649b0000 - 0x00000000649ca000 	C:\Program Files\Java\jre1.8.0_45\bin\net.dll
0x00007ffab6030000 - 0x00007ffab6089000 	C:\Windows\system32\mswsock.dll
0x0000000064990000 - 0x00000000649a1000 	C:\Program Files\Java\jre1.8.0_45\bin\nio.dll
0x00007ffaa0760000 - 0x00007ffaa0775000 	C:\Windows\system32\napinsp.dll
0x00007ffaaff30000 - 0x00007ffaaff4a000 	C:\Windows\system32\pnrpnsp.dll
0x00007ffab46d0000 - 0x00007ffab46eb000 	C:\Windows\system32\NLAapi.dll
0x00007ffab5e30000 - 0x00007ffab5ed4000 	C:\Windows\SYSTEM32\DNSAPI.dll
0x00007ffab0040000 - 0x00007ffab004d000 	C:\Windows\System32\winrnr.dll
0x00007ffab0050000 - 0x00007ffab0064000 	C:\Windows\system32\wshbth.dll
0x0000000063560000 - 0x0000000063569000 	C:\Program Files\National Instruments\Shared\mDNS Responder\nimdnsNSP.dll
0x0000000063550000 - 0x000000006355e000 	C:\Windows\SYSTEM32\nimdnsResponder.dll
0x0000000062b50000 - 0x0000000062bf3000 	C:\Windows\WinSxS\amd64_microsoft.vc90.crt_1fc8b3b9a1e18e3b_9.0.30729.8387_none_08e793bfa83a89b5\MSVCR90.dll
0x00007ffab0f70000 - 0x00007ffab0f9a000 	C:\Windows\SYSTEM32\Iphlpapi.DLL
0x00007ffab0f50000 - 0x00007ffab0f5a000 	C:\Windows\SYSTEM32\WINNSI.DLL
0x0000000062b20000 - 0x0000000062b46000 	C:\Program Files\Bonjour\mdnsNSP.dll
0x00007ffaa8120000 - 0x00007ffaa812a000 	C:\Windows\System32\rasadhlp.dll
0x00007ffab0bf0000 - 0x00007ffab0c5b000 	C:\Windows\System32\fwpuclnt.dll
0x0000000180000000 - 0x0000000180051000 	C:\Users\Nathan\.gradle\caches\minecraft\net\minecraft\minecraft_natives\1.7.10\lwjgl64.dll
0x00007ffa966b0000 - 0x00007ffa967db000 	C:\Windows\SYSTEM32\OPENGL32.dll
0x00007ffa96630000 - 0x00007ffa9665e000 	C:\Windows\SYSTEM32\GLU32.dll
0x00007ffa96530000 - 0x00007ffa96628000 	C:\Windows\SYSTEM32\DDRAW.dll
0x00007ffa96ae0000 - 0x00007ffa96ae9000 	C:\Windows\SYSTEM32\DCIMAN32.dll
0x00007ffab6090000 - 0x00007ffab60b0000 	C:\Windows\SYSTEM32\CRYPTSP.dll
0x00007ffab5cb0000 - 0x00007ffab5ce6000 	C:\Windows\system32\rsaenh.dll
0x00007ffab62e0000 - 0x00007ffab6306000 	C:\Windows\SYSTEM32\bcrypt.dll
0x00007ffab6620000 - 0x00007ffab6683000 	C:\Windows\system32\bcryptprimitives.dll
0x00007ffab6690000 - 0x00007ffab669b000 	C:\Windows\SYSTEM32\CRYPTBASE.dll
0x00007ffab06b0000 - 0x00007ffab06c6000 	C:\Windows\SYSTEM32\dhcpcsvc6.DLL
0x00007ffab0cc0000 - 0x00007ffab0cda000 	C:\Windows\SYSTEM32\dhcpcsvc.DLL
0x0000000060fd0000 - 0x0000000061168000 	C:\Program Files\Java\jre1.8.0_45\bin\awt.dll
0x00007ffab8f60000 - 0x00007ffab9021000 	C:\Windows\system32\OLEAUT32.dll
0x00007ffab5490000 - 0x00007ffab55b9000 	C:\Windows\system32\uxtheme.dll
0x00007ffab4720000 - 0x00007ffab4741000 	C:\Windows\system32\dwmapi.dll
0x000000001f520000 - 0x000000001fcfa000 	C:\Windows\SYSTEM32\ig75icd64.dll
0x00007ffab1aa0000 - 0x00007ffab1ef2000 	C:\Windows\SYSTEM32\igdusc64.dll
0x00007ffab5660000 - 0x00007ffab566b000 	C:\Windows\SYSTEM32\kernel.appcore.dll
0x00007ffa90c50000 - 0x00007ffa90ce2000 	C:\Windows\SYSTEM32\mscms.dll
0x00007ffaaed10000 - 0x00007ffaaed51000 	C:\Windows\SYSTEM32\icm32.dll
0x00007ffab67c0000 - 0x00007ffab6806000 	C:\Windows\SYSTEM32\powrprof.dll
0x000000001a2c0000 - 0x000000001a324000 	C:\Users\Nathan\.gradle\caches\minecraft\net\minecraft\minecraft_natives\1.7.10\OpenAL64.dll
0x00007ffab7190000 - 0x00007ffab7246000 	C:\Windows\SYSTEM32\clbcatq.dll
0x00007ffab40f0000 - 0x00007ffab4160000 	C:\Windows\System32\MMDevApi.dll
0x00007ffa948c0000 - 0x00007ffa9495d000 	C:\Windows\SYSTEM32\dsound.dll
0x00007ffaaff80000 - 0x00007ffaafffe000 	C:\Windows\SYSTEM32\AUDIOSES.DLL
0x00007ffaa38e0000 - 0x00007ffaa3a69000 	C:\Windows\SYSTEM32\dbghelp.dll

VM Arguments:
jvm_args: -Xincgc -Xmx1024M -Xms1024M -Dfile.encoding=Cp1252 
java_command: GradleStart
java_class_path (initial): C:\Users\Nathan\Documents\Java\NathanIndustries\bin;C:\Users\Nathan\.gradle\caches\minecraft\net\minecraftforge\forge\1.7.10-10.13.4.1558-1.7.10\forgeSrc-1.7.10-10.13.4.1558-1.7.10.jar;C:\Users\Nathan\.gradle\caches\modules-2\files-2.1\net.minecraft\launchwrapper\1.12\111e7bea9c968cdb3d06ef4632bf7ff0824d0f36\launchwrapper-1.12.jar;C:\Users\Nathan\.gradle\caches\modules-2\files-2.1\com.google.code.findbugs\jsr305\1.3.9\40719ea6961c0cb6afaeb6a921eaa1f6afd4cfdf\jsr305-1.3.9.jar;C:\Users\Nathan\.gradle\caches\modules-2\files-2.1\org.ow2.asm\asm-debug-all\5.0.3\f9e364ae2a66ce2a543012a4668856e84e5dab74\asm-debug-all-5.0.3.jar;C:\Users\Nathan\.gradle\caches\modules-2\files-2.1\com.typesafe.akka\akka-actor_2.11\2.3.3\ed62e9fc709ca0f2ff1a3220daa8b70a2870078e\akka-actor_2.11-2.3.3.jar;C:\Users\Nathan\.gradle\caches\modules-2\files-2.1\com.typesafe\config\1.2.1\f771f71fdae3df231bcd54d5ca2d57f0bf93f467\config-1.2.1.jar;C:\Users\Nathan\.gradle\caches\modules-2\files-2.1\org.scala-lang\scala-actors-migration_2.11\1.1.0\dfa8bc42b181d5b9f1a5dd147f8ae308b893eb6f\scala-actors-migration_2.11-1.1.0.jar;C:\Users\Nathan\.gradle\caches\modules-2\files-2.1\org.scala-lang\scala-compiler\2.11.1\56ea2e6c025e0821f28d73ca271218b8dd04926a\scala-compiler-2.11.1.jar;C:\Users\Nathan\.gradle\caches\modules-2\files-2.1\org.scala-lang.plugins\scala-continuations-library_2.11\1.0.2\e517c53a7e9acd6b1668c5a35eccbaa3bab9aac\scala-continuations-library_2.11-1.0.2.jar;C:\Users\Nathan\.gradle\caches\modules-2\files-2.1\org.scala-lang.plugins\scala-continuations-plugin_2.11.1\1.0.2\f361a3283452c57fa30c1ee69448995de23c60f7\scala-continuations-plugin_2.11.1-1.0.2.jar;C:\Users\Nathan\.gradle\caches\modules-2\files-2.1\org.scala-lang\scala-library\2.11.1\e11da23da3eabab9f4777b9220e60d44c1aab6a\scala-library-2.11.1.jar;C:\Users\Nathan\.gradle\caches\modules-2\files-2.1\org.scala-lang\scala-parser-combinators_2.11\1.0.1\f05d7345bf5a58924f2837c6c1f4d73a938e1ff0\scala-parser-combinators_2
Launcher Type: SUN_STANDARD

Environment Variables:
JAVA_HOME=C:\Program Files (x86)\Java\jdk1.8.0_45
PATH=C:/Program Files/Java/jre1.8.0_45/bin/server;C:/Program Files/Java/jre1.8.0_45/bin;C:/Program Files/Java/jre1.8.0_45/lib/amd64;C:\Program Files (x86)\Java\jdk1.8.0_45\bin;C:\Program Files (x86)\Intel\iCLS Client\;C:\Program Files\Intel\iCLS Client\;C:\Windows\system32;C:\Windows;C:\Windows\System32\Wbem;C:\Windows\System32\WindowsPowerShell\v1.0\;C:\Program Files\Intel\Intel(R) Management Engine Components\DAL;C:\Program Files\Intel\Intel(R) Management Engine Components\IPT;C:\Program Files (x86)\Intel\Intel(R) Management Engine Components\DAL;C:\Program Files (x86)\Intel\Intel(R) Management Engine Components\IPT;C:\Program Files\Acer\Remote Files\;C:\VXIPNP\WinNT\Bin;C:\Program Files (x86)\IVI Foundation\IVI\bin;C:\Program Files\IVI Foundation\IVI\bin;C:\Program Files\IVI Foundation\VISA\Win64\Bin\;C:\VXIPNP\WinNT\Bin\;C:\Program Files (x86)\leJOS NXJ\bin;C:\Program Files (x86)\Skype\Phone\;c:\Python34\;c:\Python34\Scripts\;C:\Users\Nathan\Desktop;
USERNAME=Nathan
OS=Windows_NT
PROCESSOR_IDENTIFIER=Intel64 Family 6 Model 69 Stepping 1, GenuineIntel



---------------  S Y S T E M  ---------------

OS: Windows 8.1 , 64 bit Build 9600 (6.3.9600.17415)

CPU:total 4 (2 cores per cpu, 2 threads per core) family 6 model 69 stepping 1, cmov, cx8, fxsr, mmx, sse, sse2, sse3, ssse3, sse4.1, sse4.2, popcnt, avx, avx2, aes, clmul, erms, lzcnt, ht, tsc, tscinvbit, bmi1, bmi2

Memory: 4k page, physical 4082968k(1138460k free), swap 6835480k(2051936k free)

vm_info: Java HotSpot(TM) 64-Bit Server VM (25.45-b02) for windows-amd64 JRE (1.8.0_45-b15), built on Apr 30 2015 12:40:44 by "java_re" with MS VC++ 10.0 (VS2010)

time: Mon Feb 29 16:59:15 2016
elapsed time: 29 seconds (0d 0h 0m 29s)

